{"target": 11.585365853658537, "params": {"general_dim": 10.834044009405147, "general_length": 86.01622467210791, "model_maxn": 6.000114374817345}, "datetime": {"datetime": "2022-04-19 09:39:23", "elapsed": 0.0, "delta": 0.0}, "function": "hit_amean"}
{"target": 27.439024390243905, "params": {"general_dim": 10.604665145263679, "general_length": 57.337794540855654, "model_maxn": 6.092338594768798}, "datetime": {"datetime": "2022-04-19 09:42:38", "elapsed": 194.84768, "delta": 194.84768}, "function": "meanmax_harmonic"}
{"target": 13.048780487804878, "params": {"general_dim": 11.787321325647158, "general_length": 56.76987741772125, "model_maxn": 6.079568447628622}, "datetime": {"datetime": "2022-04-19 09:45:44", "elapsed": 380.636461, "delta": 185.788781}, "function": "beet_harmony"}
{"target": 21.463414634146343, "params": {"general_dim": 11.064595840634835, "general_length": 89.3692004401459, "model_maxn": 6.174899774780748}, "datetime": {"datetime": "2022-04-19 09:47:54", "elapsed": 510.719504, "delta": 130.083043}, "function": "hit_hmean"}
{"target": 17.682926829268293, "params": {"general_dim": 11.191688890125304, "general_length": 63.05124541503342, "model_maxn": 6.746728956017087}, "datetime": {"datetime": "2022-04-19 09:50:43", "elapsed": 680.196384, "delta": 169.47688}, "function": "meanmax_harmonic"}
